[    0.000000] Initializing cgroup subsys cpuset
[    0.000000] Initializing cgroup subsys cpu
[    0.000000] Initializing cgroup subsys cpuacct
[    0.000000] Linux version 4.4.0-159-generic (buildd@lgw01-amd64-042) (gcc version 5.4.0 20160609 (Ubuntu 5.4.0-6ubuntu1~16.04.10) ) #187-Ubuntu SMP Thu Aug 1 16:28:06 UTC 2019 (Ubuntu 4.4.0-159.187-generic 4.4.185)
[    0.000000] Command line: BOOT_IMAGE=/boot/vmlinuz-4.4.0-159-generic root=LABEL=cloudimg-rootfs ro console=tty1 console=ttyS0
[    0.000000] KERNEL supported cpus:
[    0.000000]   Intel GenuineIntel
[    0.000000]   AMD AuthenticAMD
[    0.000000]   Centaur CentaurHauls
[    0.000000] x86/fpu: xstate_offset[2]:  576, xstate_sizes[2]:  256
[    0.000000] x86/fpu: Supporting XSAVE feature 0x01: 'x87 floating point registers'
[    0.000000] x86/fpu: Supporting XSAVE feature 0x02: 'SSE registers'
[    0.000000] x86/fpu: Supporting XSAVE feature 0x04: 'AVX registers'
[    0.000000] x86/fpu: Enabled xstate features 0x7, context size is 832 bytes, using 'standard' format.
[    0.000000] e820: BIOS-provided physical RAM map:
[    0.000000] BIOS-e820: [mem 0x0000000000000000-0x000000000009fbff] usable
[    0.000000] BIOS-e820: [mem 0x000000000009fc00-0x000000000009ffff] reserved
[    0.000000] BIOS-e820: [mem 0x00000000000f0000-0x00000000000fffff] reserved
[    0.000000] BIOS-e820: [mem 0x0000000000100000-0x000000003ffeffff] usable
[    0.000000] BIOS-e820: [mem 0x000000003fff0000-0x000000003fffffff] ACPI data
[    0.000000] BIOS-e820: [mem 0x00000000fec00000-0x00000000fec00fff] reserved
[    0.000000] BIOS-e820: [mem 0x00000000fee00000-0x00000000fee00fff] reserved
[    0.000000] BIOS-e820: [mem 0x00000000fffc0000-0x00000000ffffffff] reserved
[    0.000000] NX (Execute Disable) protection: active
[    0.000000] SMBIOS 2.5 present.
[    0.000000] Hypervisor detected: KVM
[    0.000000] e820: last_pfn = 0x3fff0 max_arch_pfn = 0x400000000
[    0.000000] MTRR: Disabled
[    0.000000] x86/PAT: MTRRs disabled, skipping PAT initialization too.
[    0.000000] CPU MTRRs all blank - virtualized system.
[    0.000000] x86/PAT: Configuration [0-7]: WB  WT  UC- UC  WB  WT  UC- UC  
[    0.000000] found SMP MP-table at [mem 0x0009fff0-0x0009ffff] mapped at [ffff88000009fff0]
[    0.000000] Scanning 1 areas for low memory corruption
[    0.000000] RAMDISK: [mem 0x362f8000-0x37173fff]
[    0.000000] ACPI: Early table checksum verification disabled
[    0.000000] ACPI: RSDP 0x00000000000E0000 000024 (v02 VBOX  )
[    0.000000] ACPI: XSDT 0x000000003FFF0030 00003C (v01 VBOX   VBOXXSDT 00000001 ASL  00000061)
[    0.000000] ACPI: FACP 0x000000003FFF00F0 0000F4 (v04 VBOX   VBOXFACP 00000001 ASL  00000061)
[    0.000000] ACPI: DSDT 0x000000003FFF0470 0022EA (v02 VBOX   VBOXBIOS 00000002 INTL 20100528)
[    0.000000] ACPI: FACS 0x000000003FFF0200 000040
[    0.000000] ACPI: FACS 0x000000003FFF0200 000040
[    0.000000] ACPI: APIC 0x000000003FFF0240 00005C (v02 VBOX   VBOXAPIC 00000001 ASL  00000061)
[    0.000000] ACPI: SSDT 0x000000003FFF02A0 0001CC (v01 VBOX   VBOXCPUT 00000002 INTL 20100528)
[    0.000000] No NUMA configuration found
[    0.000000] Faking a node at [mem 0x0000000000000000-0x000000003ffeffff]
[    0.000000] NODE_DATA(0) allocated [mem 0x3ffeb000-0x3ffeffff]
[    0.000000] kvm-clock: Using msrs 4b564d01 and 4b564d00
[    0.000000] kvm-clock: cpu 0, msr 0:3ffe3001, primary cpu clock
[    0.000000] kvm-clock: using sched offset of 5287296838 cycles
[    0.000000] clocksource: kvm-clock: mask: 0xffffffffffffffff max_cycles: 0x1cd42e4dffb, max_idle_ns: 881590591483 ns
[    0.000000] Zone ranges:
[    0.000000]   DMA      [mem 0x0000000000001000-0x0000000000ffffff]
[    0.000000]   DMA32    [mem 0x0000000001000000-0x000000003ffeffff]
[    0.000000]   Normal   empty
[    0.000000]   Device   empty
[    0.000000] Movable zone start for each node
[    0.000000] Early memory node ranges
[    0.000000]   node   0: [mem 0x0000000000001000-0x000000000009efff]
[    0.000000]   node   0: [mem 0x0000000000100000-0x000000003ffeffff]
[    0.000000] Initmem setup node 0 [mem 0x0000000000001000-0x000000003ffeffff]
[    0.000000] ACPI: PM-Timer IO Port: 0x4008
[    0.000000] IOAPIC[0]: apic_id 2, version 32, address 0xfec00000, GSI 0-23
[    0.000000] ACPI: INT_SRC_OVR (bus 0 bus_irq 0 global_irq 2 dfl dfl)
[    0.000000] ACPI: INT_SRC_OVR (bus 0 bus_irq 9 global_irq 9 low level)
[    0.000000] Using ACPI (MADT) for SMP configuration information
[    0.000000] smpboot: Allowing 2 CPUs, 0 hotplug CPUs
[    0.000000] PM: Registered nosave memory: [mem 0x00000000-0x00000fff]
[    0.000000] PM: Registered nosave memory: [mem 0x0009f000-0x0009ffff]
[    0.000000] PM: Registered nosave memory: [mem 0x000a0000-0x000effff]
[    0.000000] PM: Registered nosave memory: [mem 0x000f0000-0x000fffff]
[    0.000000] e820: [mem 0x40000000-0xfebfffff] available for PCI devices
[    0.000000] Booting paravirtualized kernel on KVM
[    0.000000] clocksource: refined-jiffies: mask: 0xffffffff max_cycles: 0xffffffff, max_idle_ns: 7645519600211568 ns
[    0.000000] setup_percpu: NR_CPUS:512 nr_cpumask_bits:512 nr_cpu_ids:2 nr_node_ids:1
[    0.000000] PERCPU: Embedded 34 pages/cpu @ffff88003fc00000 s99544 r8192 d31528 u1048576
[    0.000000] Built 1 zonelists in Node order, mobility grouping on.  Total pages: 257912
[    0.000000] Policy zone: DMA32
[    0.000000] Kernel command line: BOOT_IMAGE=/boot/vmlinuz-4.4.0-159-generic root=LABEL=cloudimg-rootfs ro console=tty1 console=ttyS0
[    0.000000] PID hash table entries: 4096 (order: 3, 32768 bytes)
[    0.000000] Memory: 997724K/1048120K available (8618K kernel code, 1335K rwdata, 4032K rodata, 1488K init, 1284K bss, 50396K reserved, 0K cma-reserved)
[    0.000000] SLUB: HWalign=64, Order=0-3, MinObjects=0, CPUs=2, Nodes=1
[    0.000000] Kernel/User page tables isolation: enabled
[    0.000000] Hierarchical RCU implementation.
[    0.000000] 	Build-time adjustment of leaf fanout to 64.
[    0.000000] 	RCU restricting CPUs from NR_CPUS=512 to nr_cpu_ids=2.
[    0.000000] RCU: Adjusting geometry for rcu_fanout_leaf=64, nr_cpu_ids=2
[    0.000000] NR_IRQS:33024 nr_irqs:440 16
[    0.000000] Console: colour VGA+ 80x25
[    0.000000] console [tty1] enabled
[    0.000000] console [ttyS0] enabled
[    0.000000] tsc: Detected 2904.004 MHz processor
[    0.597047] Calibrating delay loop (skipped) preset value.. 5808.00 BogoMIPS (lpj=11616016)
[    0.606984] pid_max: default: 32768 minimum: 301
[    0.610981] ACPI: Core revision 20150930
[    0.619966] ACPI: 2 ACPI AML tables successfully acquired and loaded
[    0.625210] Security Framework initialized
[    0.628453] Yama: becoming mindful.
[    0.631391] AppArmor: AppArmor initialized
[    0.634956] Dentry cache hash table entries: 131072 (order: 8, 1048576 bytes)
[    0.648793] Inode-cache hash table entries: 65536 (order: 7, 524288 bytes)
[    0.654193] Mount-cache hash table entries: 2048 (order: 2, 16384 bytes)
[    0.658771] Mountpoint-cache hash table entries: 2048 (order: 2, 16384 bytes)
[    0.664357] Initializing cgroup subsys io
[    0.667486] Initializing cgroup subsys memory
[    0.670861] Initializing cgroup subsys devices
[    0.674372] Initializing cgroup subsys freezer
[    0.677761] Initializing cgroup subsys net_cls
[    0.681457] Initializing cgroup subsys perf_event
[    0.687110] Initializing cgroup subsys net_prio
[    0.692104] Initializing cgroup subsys hugetlb
[    0.696567] Initializing cgroup subsys pids
[    0.703278] mce: CPU supports 0 MCE banks
[    0.706522] Last level iTLB entries: 4KB 64, 2MB 8, 4MB 8
[    0.710448] Last level dTLB entries: 4KB 64, 2MB 0, 4MB 0, 1GB 4
[    0.715007] Spectre V1 : Mitigation: usercopy/swapgs barriers and __user pointer sanitization
[    0.721512] Spectre V2 : Mitigation: Full generic retpoline
[    0.725660] Spectre V2 : Spectre v2 / SpectreRSB mitigation: Filling RSB on context switch
[    0.732152] Speculative Store Bypass: Vulnerable
[    0.736221] MDS: Vulnerable: Clear CPU buffers attempted, no microcode
[    0.752399] Freeing SMP alternatives memory: 36K
[    0.774185] ftrace: allocating 32318 entries in 127 pages
[    0.957422] smpboot: APIC(0) Converting physical 0 to logical package 0
[    0.961728] smpboot: Max logical packages: 1
[    0.966541] x2apic enabled
[    0.970252] Switched APIC routing to physical x2apic.
[    0.977716] ..TIMER: vector=0x30 apic1=0 pin1=2 apic2=-1 pin2=-1
[    1.087019] smpboot: CPU0: Intel(R) Core(TM) i7-7500U CPU @ 2.70GHz (family: 0x6, model: 0x8e, stepping: 0x9)
[    1.094034] Performance Events: unsupported p6 CPU model 142 no PMU driver, software events only.
[    1.130938] KVM setup paravirtual spinlock
[    1.135330] x86: Booting SMP configuration:
[    1.140104] .... node  #0, CPUs:      #1
[    1.143854] kvm-clock: cpu 1, msr 0:3ffe3041, secondary cpu clock
[    1.150389] mce: CPU supports 0 MCE banks
[    1.157736] x86: Booted up 1 node, 2 CPUs
[    1.163512] smpboot: Total of 2 processors activated (11616.01 BogoMIPS)
[    1.172455] devtmpfs: initialized
[    1.182830] evm: security.selinux
[    1.188413] evm: security.SMACK64
[    1.193399] evm: security.SMACK64EXEC
[    1.198324] evm: security.SMACK64TRANSMUTE
[    1.203816] evm: security.SMACK64MMAP
[    1.208064] evm: security.ima
[    1.213026] evm: security.capability
[    1.217100] clocksource: jiffies: mask: 0xffffffff max_cycles: 0xffffffff, max_idle_ns: 7645041785100000 ns
[    1.224373] futex hash table entries: 512 (order: 3, 32768 bytes)
[    1.229193] pinctrl core: initialized pinctrl subsystem
[    1.234134] RTC time:  3:21:52, date: 08/29/19
[    1.238544] NET: Registered protocol family 16
[    1.251576] cpuidle: using governor ladder
[    1.267202] cpuidle: using governor menu
[    1.272450] PCCT header not found.
[    1.277856] ACPI: bus type PCI registered
[    1.283321] acpiphp: ACPI Hot Plug PCI Controller Driver version: 0.5
[    1.299650] PCI: Using configuration type 1 for base access
[    1.326256] ACPI: Added _OSI(Module Device)
[    1.330979] ACPI: Added _OSI(Processor Device)
[    1.336258] ACPI: Added _OSI(3.0 _SCP Extensions)
[    1.341629] ACPI: Added _OSI(Processor Aggregator Device)
[    1.351030] ACPI: Executed 1 blocks of module-level executable AML code
[    1.368738] ACPI: Interpreter enabled
[    1.373013] ACPI: (supports S0 S5)
[    1.377241] ACPI: Using IOAPIC for interrupt routing
[    1.383974] PCI: Using host bridge windows from ACPI; if necessary, use "pci=nocrs" and report a bug
[    1.409279] ACPI: PCI Root Bridge [PCI0] (domain 0000 [bus 00-ff])
[    1.415575] acpi PNP0A03:00: _OSC: OS supports [ASPM ClockPM Segments MSI]
[    1.422915] acpi PNP0A03:00: _OSC: not requesting OS control; OS requires [ExtendedConfig ASPM ClockPM MSI]
[    1.433058] acpi PNP0A03:00: fail to add MMCONFIG information, can't access extended PCI configuration space under this bridge.
[    1.447300] PCI host bridge to bus 0000:00
[    1.451607] pci_bus 0000:00: root bus resource [io  0x0000-0x0cf7 window]
[    1.457692] pci_bus 0000:00: root bus resource [io  0x0d00-0xffff window]
[    1.463612] pci_bus 0000:00: root bus resource [mem 0x000a0000-0x000bffff window]
[    1.470265] pci_bus 0000:00: root bus resource [mem 0x40000000-0xfdffffff window]
[    1.476836] pci_bus 0000:00: root bus resource [bus 00-ff]
[    1.488170] pci 0000:00:01.1: legacy IDE quirk: reg 0x10: [io  0x01f0-0x01f7]
[    1.493507] pci 0000:00:01.1: legacy IDE quirk: reg 0x14: [io  0x03f6]
[    1.499222] pci 0000:00:01.1: legacy IDE quirk: reg 0x18: [io  0x0170-0x0177]
[    1.507378] pci 0000:00:01.1: legacy IDE quirk: reg 0x1c: [io  0x0376]
[    1.594851] pci 0000:00:07.0: quirk: [io  0x4000-0x403f] claimed by PIIX4 ACPI
[    1.600287] pci 0000:00:07.0: quirk: [io  0x4100-0x410f] claimed by PIIX4 SMB
[    1.628102] ACPI: PCI Interrupt Link [LNKA] (IRQs 5 9 10 *11)
[    1.634956] ACPI: PCI Interrupt Link [LNKB] (IRQs 5 9 *10 11)
[    1.640973] ACPI: PCI Interrupt Link [LNKC] (IRQs 5 *9 10 11)
[    1.647051] ACPI: PCI Interrupt Link [LNKD] (IRQs 5 9 10 *11)
[    1.653608] ACPI: Enabled 2 GPEs in block 00 to 07
[    1.658724] vgaarb: setting as boot device: PCI:0000:00:02.0
[    1.663029] vgaarb: device added: PCI:0000:00:02.0,decodes=io+mem,owns=io+mem,locks=none
[    1.669420] vgaarb: loaded
[    1.671938] vgaarb: bridge control possible 0000:00:02.0
[    1.677321] SCSI subsystem initialized
[    1.680853] ACPI: bus type USB registered
[    1.684210] usbcore: registered new interface driver usbfs
[    1.688350] usbcore: registered new interface driver hub
[    1.693723] usbcore: registered new device driver usb
[    1.698773] PCI: Using ACPI for IRQ routing
[    1.703523] NetLabel: Initializing
[    1.706480] NetLabel:  domain hash size = 128
[    1.710049] NetLabel:  protocols = UNLABELED CIPSOv4
[    1.722036] NetLabel:  unlabeled traffic allowed by default
[    1.727150] amd_nb: Cannot enumerate AMD northbridges
[    1.731325] clocksource: Switched to clocksource kvm-clock
[    1.767567] AppArmor: AppArmor Filesystem Enabled
[    1.771242] pnp: PnP ACPI init
[    1.776656] pnp: PnP ACPI: found 3 devices
[    1.806764] clocksource: acpi_pm: mask: 0xffffff max_cycles: 0xffffff, max_idle_ns: 2085701024 ns
[    1.812931] NET: Registered protocol family 2
[    1.816802] TCP established hash table entries: 8192 (order: 4, 65536 bytes)
[    1.821660] TCP bind hash table entries: 8192 (order: 5, 131072 bytes)
[    1.826248] TCP: Hash tables configured (established 8192 bind 8192)
[    1.830749] UDP hash table entries: 512 (order: 2, 16384 bytes)
[    1.835023] UDP-Lite hash table entries: 512 (order: 2, 16384 bytes)
[    1.839717] NET: Registered protocol family 1
[    1.842950] pci 0000:00:00.0: Limiting direct PCI/PCI transfers
[    1.847303] pci 0000:00:01.0: Activating ISA DMA hang workarounds
[    1.852048] Unpacking initramfs...
[    2.512643] Freeing initrd memory: 14832K
[    2.517024] clocksource: tsc: mask: 0xffffffffffffffff max_cycles: 0x29dc09beef1, max_idle_ns: 440795310252 ns
[    2.528115] platform rtc_cmos: registered platform RTC device (no PNP device found)
[    2.542268] Scanning for low memory corruption every 60 seconds
[    2.552643] audit: initializing netlink subsys (disabled)
[    2.559973] audit: type=2000 audit(1567048919.338:1): initialized
[    2.569152] Initialise system trusted keyring
[    2.575121] HugeTLB registered 2 MB page size, pre-allocated 0 pages
[    2.588318] zbud: loaded
[    2.593787] VFS: Disk quotas dquot_6.6.0
[    2.599606] VFS: Dquot-cache hash table entries: 512 (order 0, 4096 bytes)
[    2.607682] squashfs: version 4.0 (2009/01/31) Phillip Lougher
[    2.614648] fuse init (API version 7.23)
[    2.618704] Key type big_key registered
[    2.622377] Allocating IMA MOK and blacklist keyrings.
[    2.634678] Key type asymmetric registered
[    2.639984] Asymmetric key parser 'x509' registered
[    2.646630] Block layer SCSI generic (bsg) driver version 0.4 loaded (major 249)
[    2.655577] io scheduler noop registered
[    2.659049] io scheduler deadline registered (default)
[    2.664527] io scheduler cfq registered
[    2.668422] pci_hotplug: PCI Hot Plug PCI Core version: 0.5
[    2.675247] pciehp: PCI Express Hot Plug Controller Driver version: 0.4
[    2.683939] ACPI: AC Adapter [AC] (on-line)
[    2.688773] input: Power Button as /devices/LNXSYSTM:00/LNXPWRBN:00/input/input0
[    2.696988] ACPI: Power Button [PWRF]
[    2.703408] input: Sleep Button as /devices/LNXSYSTM:00/LNXSLPBN:00/input/input1
[    2.712231] ACPI: Sleep Button [SLPF]
[    2.719987] GHES: HEST is not enabled!
[    2.721081] ACPI: Battery Slot [BAT0] (battery present)
[    2.730049] Serial: 8250/16550 driver, 32 ports, IRQ sharing enabled
[    2.758362] 00:02: ttyS0 at I/O 0x3f8 (irq = 4, base_baud = 115200) is a 16550A
[    2.768920] Linux agpgart interface v0.103
[    2.778372] loop: module loaded
[    2.784314] scsi host0: ata_piix
[    2.787677] scsi host1: ata_piix
[    2.790605] ata1: PATA max UDMA/33 cmd 0x1f0 ctl 0x3f6 bmdma 0xd000 irq 14
[    2.795765] ata2: PATA max UDMA/33 cmd 0x170 ctl 0x376 bmdma 0xd008 irq 15
[    2.800954] libphy: Fixed MDIO Bus: probed
[    2.804689] tun: Universal TUN/TAP device driver, 1.6
[    2.808835] tun: (C) 1999-2004 Max Krasnyansky <maxk@qualcomm.com>
[    2.813248] PPP generic driver version 2.4.2
[    2.816751] ehci_hcd: USB 2.0 'Enhanced' Host Controller (EHCI) Driver
[    2.821388] ehci-pci: EHCI PCI platform driver
[    2.824873] ehci-platform: EHCI generic platform driver
[    2.829126] ohci_hcd: USB 1.1 'Open' Host Controller (OHCI) Driver
[    2.833743] ohci-pci: OHCI PCI platform driver
[    2.837312] ohci-platform: OHCI generic platform driver
[    2.841312] uhci_hcd: USB Universal Host Controller Interface driver
[    2.845984] i8042: PNP: PS/2 Controller [PNP0303:PS2K,PNP0f03:PS2M] at 0x60,0x64 irq 1,12
[    2.853772] serio: i8042 KBD port at 0x60,0x64 irq 1
[    2.857490] serio: i8042 AUX port at 0x60,0x64 irq 12
[    2.861601] mousedev: PS/2 mouse device common for all mice
[    2.867003] rtc_cmos rtc_cmos: rtc core: registered rtc_cmos as rtc0
[    2.871832] rtc_cmos rtc_cmos: alarms up to one day, 114 bytes nvram
[    2.876388] input: AT Translated Set 2 keyboard as /devices/platform/i8042/serio0/input/input2
[    2.883127] i2c /dev entries driver
[    2.886151] device-mapper: uevent: version 1.0.3
[    2.890410] device-mapper: ioctl: 4.34.0-ioctl (2015-10-28) initialised: dm-devel@redhat.com
[    2.896962] ledtrig-cpu: registered to indicate activity on CPUs
[    2.903459] NET: Registered protocol family 10
[    2.907482] NET: Registered protocol family 17
[    2.910758] Key type dns_resolver registered
[    2.915966] registered taskstats version 1
[    2.918990] Loading compiled-in X.509 certificates
[    2.923943] Loaded X.509 cert 'Build time autogenerated kernel key: d14182f9795b80ec340f636a5a08bf5817ccd8e7'
[    2.931075] zswap: loaded using pool lzo/zbud
[    2.939488] Key type trusted registered
[    2.952981] Key type encrypted registered
[    2.957020] AppArmor: AppArmor sha1 policy hashing enabled
[    2.962467] ima: No TPM chip found, activating TPM-bypass!
[    2.967292] ima: Allocated hash algorithm: sha1
[    2.971259] evm: HMAC attrs: 0x1
[    2.975855]   Magic number: 15:330:362
[    2.979577] rtc_cmos rtc_cmos: setting system clock to 2019-08-29 03:21:54 UTC (1567048914)
[    2.986986] BIOS EDD facility v0.16 2004-Jun-25, 0 devices found
[    2.991810] EDD information not available.
[    2.998733] Freeing unused kernel memory: 1488K
[    3.011481] Write protecting the kernel read-only data: 14336k
[    3.017783] Freeing unused kernel memory: 1608K
[    3.022389] Freeing unused kernel memory: 64K
Loading, please wait...
starting version 229
[    3.067345] random: systemd-udevd: uninitialized urandom read (16 bytes read, 5 bits of entropy available)
[    3.068558] random: udevadm: uninitialized urandom read (16 bytes read, 5 bits of entropy available)
[    3.068606] random: udevadm: uninitialized urandom read (16 bytes read, 5 bits of entropy available)
[    3.098336] random: udevadm: uninitialized urandom read (16 bytes read, 5 bits of entropy available)
[    3.098462] random: udevadm: uninitialized urandom read (16 bytes read, 5 bits of entropy available)
[    3.098888] random: udevadm: uninitialized urandom read (16 bytes read, 5 bits of entropy available)
[    3.099134] random: udevadm: uninitialized urandom read (16 bytes read, 5 bits of entropy available)
[    3.099289] random: udevadm: uninitialized urandom read (16 bytes read, 5 bits of entropy available)
[    3.099446] random: udevadm: uninitialized urandom read (16 bytes read, 5 bits of entropy available)
[    3.099806] random: udevadm: uninitialized urandom read (16 bytes read, 5 bits of entropy available)
[    3.294221] Fusion MPT base driver 3.04.20
[    3.301079] Copyright (c) 1999-2008 LSI Corporation
[    3.306292] e1000: Intel(R) PRO/1000 Network Driver - version 7.3.21-k8-NAPI
[    3.313138] e1000: Copyright (c) 1999-2006 Intel Corporation.
[    3.406655] Fusion MPT SPI Host driver 3.04.20
[    3.474506] AVX2 version of gcm_enc/dec engaged.
[    3.479799] AES CTR mode by8 optimization enabled
[    3.596362] input: ImExPS/2 Generic Explorer Mouse as /devices/platform/i8042/serio1/input/input4
[    4.560592] e1000 0000:00:03.0 eth0: (PCI:33MHz:32-bit) 02:6a:5b:40:72:6f
[    4.565295] e1000 0000:00:03.0 eth0: Intel(R) PRO/1000 Network Connection
[    5.354691] e1000 0000:00:08.0 eth1: (PCI:33MHz:32-bit) 08:00:27:18:84:9c
[    5.359917] e1000 0000:00:08.0 eth1: Intel(R) PRO/1000 Network Connection
[    5.370215] e1000 0000:00:08.0 enp0s8: renamed from eth1
[    5.376396] mptbase: ioc0: Initiating bringup
[    5.391879] e1000 0000:00:03.0 enp0s3: renamed from eth0
[    5.444679] ioc0: LSI53C1030 A0: Capabilities={Initiator}
[    6.564333] scsi host2: ioc0: LSI53C1030 A0, FwRev=00000000h, Ports=1, MaxQ=256, IRQ=20
[    7.403943] scsi 2:0:0:0: Direct-Access     VBOX     HARDDISK         1.0  PQ: 0 ANSI: 5
[    7.411893] scsi target2:0:0: Beginning Domain Validation
[    7.424293] scsi target2:0:0: Domain Validation skipping write tests
[    7.429378] scsi target2:0:0: Ending Domain Validation
[    7.433858] scsi target2:0:0: asynchronous
[    7.440498] scsi 2:0:1:0: Direct-Access     VBOX     HARDDISK         1.0  PQ: 0 ANSI: 5
[    7.447512] scsi target2:0:1: Beginning Domain Validation
[    7.503541] scsi target2:0:1: Domain Validation skipping write tests
[    7.508376] scsi target2:0:1: Ending Domain Validation
[    7.512588] scsi target2:0:1: asynchronous
[    7.541786] sd 2:0:0:0: Attached scsi generic sg0 type 0
[    7.546794] sd 2:0:0:0: [sda] 20971520 512-byte logical blocks: (10.7 GB/10.0 GiB)
[    7.554661] sd 2:0:1:0: [sdb] 20480 512-byte logical blocks: (10.5 MB/10.0 MiB)
[    7.562208] sd 2:0:1:0: Attached scsi generic sg1 type 0
[    7.567210] sd 2:0:0:0: [sda] Write Protect is off
[    7.567703] sd 2:0:1:0: [sdb] Write Protect is off
[    7.568107] sd 2:0:1:0: [sdb] Incomplete mode parameter data
[    7.568111] sd 2:0:1:0: [sdb] Assuming drive cache: write through
[    7.587852] sd 2:0:0:0: [sda] Incomplete mode parameter data
[    7.593067] sd 2:0:0:0: [sda] Assuming drive cache: write through
[    7.599378] sd 2:0:1:0: [sdb] Attached SCSI disk
[    7.610837]  sda: sda1
[    7.616841] sd 2:0:0:0: [sda] Attached SCSI disk
Begin: Loading essential drivers ... [   10.201202] md: linear personality registered for level -1
[   10.214469] md: multipath personality registered for level -4
[   10.226556] md: raid0 personality registered for level 0
[   10.243742] md: raid1 personality registered for level 1
[   10.327409] raid6: sse2x1   gen()  3241 MB/s
[   10.395863] raid6: sse2x1   xor()  2318 MB/s
[   10.467838] raid6: sse2x2   gen()  3224 MB/s
[   10.539430] raid6: sse2x2   xor()  2325 MB/s
[   10.611477] raid6: sse2x4   gen()  3659 MB/s
[   10.683466] raid6: sse2x4   xor()  3256 MB/s
[   10.752153] raid6: avx2x1   gen()  6898 MB/s
[   10.823467] raid6: avx2x2   gen()  8257 MB/s
[   10.891423] raid6: avx2x4   gen()  7433 MB/s
[   10.897756] raid6: using algorithm avx2x2 gen() 8257 MB/s
[   10.902746] raid6: using avx2x2 recovery algorithm
[   10.910762] xor: automatically using best checksumming function:
[   10.956036]    avx       :  5663.000 MB/sec
[   10.967536] async_tx: api initialized (async)
[   11.015847] md: raid6 personality registered for level 6
[   11.022357] md: raid5 personality registered for level 5
[   11.028946] md: raid4 personality registered for level 4
[   11.062863] md: raid10 personality registered for level 10
done.
Begin: Running /scripts/init-premount ... done.
Begin: Mounting root file system ... Begin: Running /scripts/local-top ... done.
Begin: Running /scripts/local-premount ... [   11.195063] Btrfs loaded
Scanning for Btrfs filesystems
done.
Warning: fsck not present, so skipping root file system
[   11.320454] EXT4-fs (sda1): mounted filesystem with ordered data mode. Opts: (null)
done.
Begin: Running /scripts/local-bottom ... done.
Begin: Running /scripts/init-bottom ... done.
[   11.654718] systemd[1]: systemd 229 running in system mode. (+PAM +AUDIT +SELINUX +IMA +APPARMOR +SMACK +SYSVINIT +UTMP +LIBCRYPTSETUP +GCRYPT +GNUTLS +ACL +XZ -LZ4 +SECCOMP +BLKID +ELFUTILS +KMOD -IDN)
[   11.676665] systemd[1]: Detected virtualization oracle.
[   11.683168] systemd[1]: Detected architecture x86-64.

Welcome to [1mUbuntu 16.04.6 LTS[0m!

[   11.709307] systemd[1]: Set hostname to <ubuntu>.
[   11.724412] systemd[1]: Initializing machine ID from random generator.
[   11.732719] systemd[1]: Installed transient /etc/machine-id file.
[   12.179083] systemd[1]: Reached target Encrypted Volumes.
[[0;32m  OK  [0m] Reached target Encrypted Volumes.
[   12.186904] systemd[1]: Listening on Journal Socket (/dev/log).
[[0;32m  OK  [0m] Listening on Journal Socket (/dev/log).
[   12.200878] systemd[1]: Reached target User and Group Name Lookups.
[[0;32m  OK  [0m] Reached target User and Group Name Lookups.
[   12.216242] systemd[1]: Started Forward Password Requests to Wall Directory Watch.
[[0;32m  OK  [0m] Started Forward Password Requests to Wall Directory Watch.
[   12.227283] systemd[1]: Set up automount Arbitrary Executable File Formats File System Automount Point.
[[0;32m  OK  [0m] Set up automount Arbitrary Executab...ats File System Automount Point.
[   12.237029] systemd[1]: Listening on udev Control Socket.
[[0;32m  OK  [0m] Listening on udev Control Socket.
[   12.245211] systemd[1]: Created slice System Slice.
[[0;32m  OK  [0m] Created slice System Slice.
[   12.252680] systemd[1]: Created slice User and Session Slice.
[[0;32m  OK  [0m] Created slice User and Session Slice.
[   12.259054] systemd[1]: Reached target Slices.
[[0;32m  OK  [0m] Reached target Slices.
[   12.265716] systemd[1]: Listening on /dev/initctl Compatibility Named Pipe.
[[0;32m  OK  [0m] Listening on /dev/initctl Compatibility Named Pipe.
[   12.274894] systemd[1]: Created slice system-serial\x2dgetty.slice.
[[0;32m  OK  [0m] Created slice system-serial\x2dgetty.slice.
[   12.282203] systemd[1]: Listening on LVM2 poll daemon socket.
[[0;32m  OK  [0m] Listening on LVM2 poll daemon socket.
[   12.296036] systemd[1]: Listening on Journal Socket.
[[0;32m  OK  [0m] Listening on Journal Socket.
[   12.356732] systemd[1]: Starting Load Kernel Modules...
         Starting Load Kernel Modules...
[   12.369102] systemd[1]: Starting Nameserver information manager...
         Starting Nameserver information manager...
[   12.384265] systemd[1]: Mounting POSIX Message Queue File System...
[   12.394289] random: nonblocking pool is initialized
         Mounting POSIX Message Queue File System...
[   12.409520] Loading iSCSI transport class v2.0-870.
[   12.409794] systemd[1]: Mounting Huge Pages File System...
         Mounting Huge Pages File System...
[   12.424965] systemd[1]: Starting Remount Root and Kernel File Systems...
         Starting Remount Root and Kernel File Systems...
[   12.448016] EXT4-fs (sda1): re-mounted. Opts: (null)
[   12.455850] iscsi: registered transport (tcp)
[   12.472982] systemd[1]: Starting Set console keymap...
         Starting Set console keymap...
[   12.498466] systemd[1]: Mounting Debug File System...
         Mounting Debug File System...
[   12.511948] systemd[1]: Starting Create list of required static device nodes for the current kernel...
         Starting Create list of required st... nodes for the current kernel...
[   12.533639] systemd[1]: Reached target Swap.
[[0;32m  OK  [0m] Reached target Swap.
[   12.542273] systemd[1]: Started Trigger resolvconf update for networkd DNS.
[[0;32m  OK  [0m] Started Trigger resolvconf update for networkd DNS.
[   12.559349] systemd[1]: Listening on udev Kernel Socket.
[[0;32m  OK  [0m] Listening on udev Kernel Socket.
[   12.588135] systemd[1]: Starting Uncomplicated firewall...
         Starting Uncomplicated firewall...
[   12.608963] systemd[1]: Reached target System Time Synchronized.
[[0;32m  OK  [0m] Reached target System Time Synchronized.
[   12.624698] systemd[1]: Listening on LVM2 metadata daemon socket.
[[0;32m  OK  [0m] Listening on LVM2 metadata daemon socket.
[   12.641724] systemd[1]: Listening on Syslog Socket.
[[0;32m  OK  [0m] Listening on Syslog Socket.
[   12.662413] systemd[1]: Listening on Journal Audit Socket.
[[0;32m  OK  [0m] Listening on Journal Audit Socket.
[   12.678691] iscsi: registered transport (iser)
[   12.695895] systemd[1]: Starting Journal Service...
         Starting Journal Service...
[   12.712016] systemd[1]: Listening on Device-mapper event daemon FIFOs.
[[0;32m  OK  [0m] Listening on Device-mapper event daemon FIFOs.
[   12.727215] systemd[1]: Starting Monitoring of LVM2 mirrors, snapshots etc. using dmeventd or progress polling...
         Starting Monitoring of LVM2 mirrors... dmeventd or progress polling...
[   12.764888] systemd[1]: Mounted Huge Pages File System.
[[0;32m  OK  [0m] Mounted Huge Pages File System.
[   12.780992] systemd[1]: Mounted POSIX Message Queue File System.
[[0;32m  OK  [0m] Mounted POSIX Message Queue File System.
[   12.792375] systemd[1]: Mounted Debug File System.
[[0;32m  OK  [0m] Mounted Debug File System.
[   12.806477] systemd[1]: Started Load Kernel Modules.
[[0;32m  OK  [0m] Started Load Kernel Modules.
[   12.854936] systemd[1]: Started Remount Root and Kernel File Systems.
[[0;32m  OK  [0m] Started Remount Root and Kernel File Systems.
[   12.873148] systemd[1]: Started Set console keymap.
[[0;32m  OK  [0m] Started Set console keymap.
[   12.886141] systemd[1]: Started Create list of required static device nodes for the current kernel.
[[0;32m  OK  [0m] Started Create list of required sta...ce nodes for the current kernel.
[   12.900422] systemd[1]: Started Uncomplicated firewall.
[[0;32m  OK  [0m] Started Uncomplicated firewall.
[   12.924984] systemd[1]: Started Nameserver information manager.
[[0;32m  OK  [0m] Started Nameserver information manager.
[   12.958483] systemd[1]: Started Journal Service.
[[0;32m  OK  [0m] Started Journal Service.
[[0;32m  OK  [0m] Started LVM2 metadata daemon.
         Starting Create Static Device Nodes in /dev...
         Starting Load/Save Random Seed...
         Starting udev Coldplug all Devices...
         Starting Flush Journal to Persistent Storage...
         Starting Apply Kernel Variables...
         Mounting FUSE Control File System...
[[0;32m  OK  [0m] Started Load/Save Random Seed.
[[0;32m  OK  [0m] Mounted FUSE Control File System.
[[0;32m  OK  [0m] Started Monitoring of LVM2 mirrors,...ng dmeventd or progress polling.
[[0;32m  OK  [0m] Started Create Static Device Nodes in /dev.
[[0;32m  OK  [0m] Started Apply Kernel Variables.
[[0;32m  OK  [0m] Started udev Coldplug all Devices.
         Starting udev Kernel Device Manager...
[[0;32m  OK  [0m] Reached target Local File Systems (Pre).
[[0;32m  OK  [0m] Reached target Local File Systems.
         Starting Commit a transient machine-id on disk...
         Starting Initial cloud-init job (pre-networking)...
         Starting LSB: AppArmor initialization...
         Starting Tell Plymouth To Write Out Runtime Data...
         Starting Set console font and keymap...
[[0;32m  OK  [0m] Started Flush Journal to Persistent Storage.
[[0;32m  OK  [0m] Started Commit a transient machine-id on disk.
[[0;32m  OK  [0m] Started Tell Plymouth To Write Out Runtime Data.
[[0;32m  OK  [0m] Started udev Kernel Device Manager.
[[0;32m  OK  [0m] Started Dispatch Password Requests to Console Directory Watch.
         Starting Create Volatile Files and Directories...
[[0;32m  OK  [0m] Started Create Volatile Files and Directories.
         Starting Update UTMP about System Boot/Shutdown...
[[0;32m  OK  [0m] Started Update UTMP about System Boot/Shutdown.
[[0;32m  OK  [0m] Found device /dev/ttyS0.
[[0;32m  OK  [0m] Listening on Load/Save RF Kill Switch Status /dev/rfkill Watch.
[   19.415243] cloud-init[473]: Cloud-init v. 19.1-1-gbaa47854-0ubuntu1~16.04.1 running 'init-local' at Thu, 29 Aug 2019 03:22:10 +0000. Up 17.87 seconds.
[[0;32m  OK  [0m] Started Initial cloud-init job (pre-networking).
[[0;32m  OK  [0m] Reached target Network (Pre).
[[0;32m  OK  [0m] Started Set console font and keymap.
[[0;32m  OK  [0m] Created slice system-getty.slice.
[[0;32m  OK  [0m] Started LSB: AppArmor initialization.
         Starting Raise network interfaces...
[[0;32m  OK  [0m] Started Raise network interfaces.
[[0;32m  OK  [0m] Reached target Network.
         Starting Initial cloud-init job (metadata service crawler)...
[   26.764257] cloud-init[970]: Cloud-init v. 19.1-1-gbaa47854-0ubuntu1~16.04.1 running 'init' at Thu, 29 Aug 2019 03:22:17 +0000. Up 24.50 seconds.
[   26.776447] cloud-init[970]: ci-info: ++++++++++++++++++++++++++++++++++++++Net device info+++++++++++++++++++++++++++++++++++++++
[   26.787283] cloud-init[970]: ci-info: +--------+-------+----------------------------+---------------+--------+-------------------+
[   26.797071] cloud-init[970]: ci-info: | Device |   Up  |          Address           |      Mask     | Scope  |     Hw-Address    |
[   26.806961] cloud-init[970]: ci-info: +--------+-------+----------------------------+---------------+--------+-------------------+
[   26.815831] cloud-init[970]: ci-info: | enp0s3 |  True |         10.0.2.15          | 255.255.255.0 | global | 02:6a:5b:40:72:6f |
[   26.825882] cloud-init[970]: ci-info: | enp0s3 |  True | fe80::6a:5bff:fe40:726f/64 |       .       |  link  | 02:6a:5b:40:72:6f |
[   26.835449] cloud-init[970]: ci-info: | enp0s8 | False |             .              |       .       |   .    | 08:00:27:18:84:9c |
[   26.845955] cloud-init[970]: ci-info: |   lo   |  True |         127.0.0.1          |   255.0.0.0   |  host  |         .         |
[   26.855546] cloud-init[970]: ci-info: |   lo   |  True |          ::1/128           |       .       |  host  |         .         |
[   26.866021] cloud-init[970]: ci-info: +--------+-------+----------------------------+---------------+--------+-------------------+
[   26.876325] cloud-init[970]: ci-info: +++++++++++++++++++++++++++Route IPv4 info++++++++++++++++++++++++++++
[   26.889629] cloud-init[970]: ci-info: +-------+-------------+----------+---------------+-----------+-------+
[   26.897341] cloud-init[970]: ci-info: | Route | Destination | Gateway  |    Genmask    | Interface | Flags |
[   26.910147] cloud-init[970]: ci-info: +-------+-------------+----------+---------------+-----------+-------+
[   26.922272] cloud-init[970]: ci-info: |   0   |   0.0.0.0   | 10.0.2.2 |    0.0.0.0    |   enp0s3  |   UG  |
[   26.934723] cloud-init[970]: ci-info: |   1   |   10.0.2.0  | 0.0.0.0  | 255.255.255.0 |   enp0s3  |   U   |
[   26.949414] cloud-init[970]: ci-info: +-------+-------------+----------+---------------+-----------+-------+
[   26.959735] cloud-init[970]: ci-info: +++++++++++++++++++Route IPv6 info+++++++++++++++++++
[   26.968898] cloud-init[970]: ci-info: +-------+-------------+---------+-----------+-------+
[   26.977678] cloud-init[970]: ci-info: | Route | Destination | Gateway | Interface | Flags |
[   26.986296] cloud-init[970]: ci-info: +-------+-------------+---------+-----------+-------+
[   26.996415] cloud-init[970]: ci-info: |   0   |  fe80::/64  |    ::   |   enp0s3  |   U   |
[   27.003163] cloud-init[970]: ci-info: |   4   |   ff00::/8  |    ::   |   enp0s3  |   U   |
[   27.009375] cloud-init[970]: ci-info: +-------+-------------+---------+-----------+-------+
[   27.015075] cloud-init[970]: Generating public/private rsa key pair.
[   27.021013] cloud-init[970]: Your identification has been saved in /etc/ssh/ssh_host_rsa_key.
[   27.028973] cloud-init[970]: Your public key has been saved in /etc/ssh/ssh_host_rsa_key.pub.
[   27.043899] cloud-init[970]: The key fingerprint is:
[   27.050487] cloud-init[970]: SHA256:DDZ+jXwnMI/xrIHnhn8T0yt1FPL1MmEzPFXPbZQrVrY root@ubuntu-xenial
[   27.062151] cloud-init[970]: The key's randomart image is:
[   27.067297] cloud-init[970]: +---[RSA 2048]----+
[   27.073337] cloud-init[970]: |             . .*|
[   27.079026] cloud-init[970]: |            . O*+|
[   27.084637] cloud-init[970]: |      + +    +oBO|
[   27.090591] cloud-init[970]: |     o * @   o=E.|
[   27.098272] cloud-init[970]: |      o S B.o..o |
[   27.104498] cloud-init[970]: |       = +ooo .  |
[   27.110275] cloud-init[970]: |      . +  + o   |
[   27.115595] cloud-init[970]: |       o  + .    |
[   27.121044] cloud-init[970]: |        .. o     |
[   27.127234] cloud-init[970]: +----[SHA256]-----+
[   27.133382] cloud-init[970]: Generating public/private dsa key pair.
[   27.140010] cloud-init[970]: Your identification has been saved in /etc/ssh/ssh_host_dsa_key.
[   27.148636] cloud-init[970]: Your public key has been saved in /etc/ssh/ssh_host_dsa_key.pub.
[   27.155622] cloud-init[970]: The key fingerprint is:
[   27.161295] cloud-init[970]: SHA256:UG5frFtd+ryC9Mx0oLUtiIkK4pxbSWaZxLatzrfUqVM root@ubuntu-xenial
[   27.168796] cloud-init[970]: The key's randomart image is:
[   27.173572] cloud-init[970]: +---[DSA 1024]----+
[   27.178292] cloud-init[970]: |        .        |
[   27.184182] cloud-init[970]: |  .    o   .     |
[   27.190114] cloud-init[970]: |   +  . o   o   .|
[   27.195709] cloud-init[970]: |  o =  o . o + o |
[   27.201612] cloud-init[970]: |   B .  S = = *  |
[   27.207031] cloud-init[970]: | .+.o .E.o * + = |
[   27.212338] cloud-init[970]: |o o+..oo  o * o o|
[   27.219271] cloud-init[970]: | ++ .+.    . =  .|
[   27.225456] cloud-init[970]: | ..o.oo       .. |
[   27.230359] cloud-init[970]: +----[SHA256]-----+
[   27.236303] cloud-init[970]: Generating public/private ecdsa key pair.
[   27.243135] cloud-init[970]: Your identification has been saved in /etc/ssh/ssh_host_ecdsa_key.
[   27.252550] cloud-init[970]: Your public key has been saved in /etc/ssh/ssh_host_ecdsa_key.pub.
[   27.264725] cloud-init[970]: The key fingerprint is:
[   27.271281] cloud-init[970]: SHA256:gk2EIgBExj46t81JJhMcZCaXwvacFDBRDCbbZCceVHE root@ubuntu-xenial[[0;32m  OK  [0m] Started Initial cloud-init job (metadata service crawler).

[   27.296841] [[0;32m  OK  [0m] Reached target Network is Online.
cloud-init[970]: The key's randomart image is:
[   27.306080] cloud-init[970]: +---[ECDSA 256]---+
[   27.311480]          Starting iSCSI initiator daemon (iscsid)...
[[0;32m  OK  [0m] Reached target System Initialization.
cloud-init[970]: |%%^==oE          |
[   27.326242] cloud-init[970]: |*#=*.o           |
[   27.331989] cloud-init[970]: |++*o. .          |
[   27.337368] cloud-init[970]: | oo+ +           |
[   27.343515] cloud-init[970]: |. ... o S        |[[0;32m  OK  [0m] Started ACPI Events Check.
[[0;32m  OK  [0m] Reached target Paths.
[
[   27.354275] cloud-init[970]: |o + o  .         |
[0;32m  OK  [0m] Listening on D-Bus System Message Bus Socket.
[   27.363446] [[0;32m  OK  [0m] Listening on ACPID Listen Socket.
[[0;32m  OK  [0m] Started Daily apt download activities.
[[0;32m  OK  [0m] Started Daily Cleanup of Temporary Directories.
         Starting Socket activation for snappy daemon.
[[0;32m  OK  [0m] Listening on UUID daemon activation socket.cloud-init[970]: | o O .           |
[   27.398483] cloud-init[970]: |  . +            |
[   27.398688] cloud-init[970]: |                 |
[   27.398889] cloud-init[970]: +----[SHA256]-----+

[   27.413055] [cloud-init[0;32m  OK  [0m[970]: ] Generating public/private ed25519 key pair.Started Daily apt upgrade and clean activities.

[   27.426842] [[0;32m  OK  [0m] Reached target Timers.
cloud-init[970]:          Starting LXD - unix socket.
[[0;32m  OK  [0m] Reached target Cloud-config availability.
Your identification has been saved in /etc/ssh/ssh_host_ed25519_key.
[   27.446548] cloud-init[[0;32m  OK  [0m] Listening on Socket activation for snappy daemon.
[[0;32m  OK  [0m] Listening on LXD - unix socket.
[970]: Your public key has been saved in /etc/ssh/ssh_host_ed25519_key.pub.
[   27.460867] cloud-init[970]: The key fingerprint is:
[   27.467209] cloud-init[970]: SHA256:U7CRohS8SzWSsj3CK68IhpNSKLKz3v1eP/d5ysoWgHA root@ubuntu-xenial
[   27.477119] cloud-init[970]: The key's randomart image is:
[   27.483290] cloud-init[970]: +--[ED25519 256]--+
[   27.488234] cloud-init[970]: |   ..o  o.       |
[   27.495651] cloud-init[970]: |  . = = E+       |
[   27.502727] cloud-init[970]: | . = = =...      |
[   27.510144] cloud-init[[0;32m  OK  [0m] Started iSCSI initiator daemon (iscsid).
[970]: | .+ *   ...      |
[   27.526130] cloud-init[970]: |+ .+ o  S  .     |
[   27.532238] cloud-init[970]: |=+. .    .  .    |
[   27.539450] cloud-init[970]: |O+       .   .   |
[   27.547206] cloud-init[970]: |=+o .   . .o.o  o|
[   27.553230] cloud-init[970]: |=o . .oo   o=.++.|
[   27.558005] cloud-init[970]: +----[SHA256]-----+
         Starting Login to default iSCSI targets...
[[0;32m  OK  [0m] Reached target Sockets.
[[0;32m  OK  [0m] Reached target Basic System.
         Starting Accounts Service...
         Starting LSB: Record successful boot for GRUB...
[[0;32m  OK  [0m] Started Deferred execution scheduler.
         Starting LXD - container startup/shutdown...
[[0;32m  OK  [0m] Started ACPI event daemon.
         Starting Virtualbox guest utils...
         Starting LSB: MD monitoring daemon...
         Starting /etc/rc.local Compatibility...
[[0;32m  OK  [0m] Started FUSE filesystem for LXC.
         Starting Pollinate to seed the pseudo random number generator...
[[0;32m  OK  [0m] Started Regular background program processing daemon.
         Starting Login Service...
[[0;32m  OK  [0m] Started D-Bus System Message Bus.
         Starting System Logging Service...
         Starting Snappy daemon...
[[0;32m  OK  [0m] Started /etc/rc.local Compatibility.
[[0;32m  OK  [0m] Started System Logging Service.
[[0;32m  OK  [0m] Started LXD - container startup/shutdown.
[[0;32m  OK  [0m] Started Login to default iSCSI targets.
[[0;32m  OK  [0m] Started LSB: MD monitoring daemon.
[[0;32m  OK  [0m] Started LSB: Record successful boot for GRUB.
[[0;32m  OK  [0m] Started Snappy daemon.
[[0;32m  OK  [0m] Started Login Service.
[[0;32m  OK  [0m] Started Unattended Upgrades Shutdown.
         Starting Authenticate and Authorize Users to Run Privileged Tasks...
         Starting Wait until snapd is fully seeded...
[[0;32m  OK  [0m] Reached target Remote File Systems (Pre).
[[0;32m  OK  [0m] Reached target Remote File Systems.
         Starting Permit User Sessions...
         Starting LSB: Set the CPU Frequency Scaling governor to "ondemand"...
         Starting LSB: automatic crash report generation...
         Starting LSB: daemon to balance interrupts for SMP systems...
[[0;32m  OK  [0m] Started Permit User Sessions.
[[0;32m  OK  [0m] Started Virtualbox guest utils.
[[0;32m  OK  [0m] Started Authenticate and Authorize Users to Run Privileged Tasks.
[[0;32m  OK  [0m] Started Accounts Service.
         Starting Hold until boot process finishes up...
         Starting Terminate Plymouth Boot Screen...
[[0;32m  OK  [0m] Started LSB: Set the CPU Frequency Scaling governor to "ondemand".
[[0;32m  OK  [0m] Started Terminate Plymouth Boot Screen.
[[0;32m  OK  [0m] Started Hold until boot process finishes up.
         Starting Set console scheme...
[[0;32m  OK  [0m] Started Serial Getty on ttyS0.
[[0;32m  OK  [0m] Started Getty on tty1.
[[0;32m  OK  [0m] Reached target Login Prompts.
[[0;32m  OK  [0m] Started LSB: automatic crash report generation.
[[0;32m  OK  [0m] Started LSB: daemon to balance interrupts for SMP systems.
[[0;32m  OK  [0m] Started Set console scheme.
[[0;32m  OK  [0m] Started Pollinate to seed the pseudo random number generator.
         Starting OpenBSD Secure Shell server...
[[0;32m  OK  [0m] Started OpenBSD Secure Shell server.
[[0;32m  OK  [0m] Created slice User Slice of vagrant.
         Starting User Manager for UID 1000...
[[0;32m  OK  [0m] Started Session 1 of user vagrant.
[[0;32m  OK  [0m] Started User Manager for UID 1000.

Ubuntu 16.04.6 LTS ubuntu-xenial ttyS0

ubuntu-xenial login: [   37.338871] cloud-init[1479]: Generating locales (this might take a while)...
[   41.415101] cloud-init[1479]:   en_US.UTF-8... done
[   41.419794] cloud-init[1479]: Generation complete.
[   42.579499] cloud-init[1479]: Cloud-init v. 19.1-1-gbaa47854-0ubuntu1~16.04.1 running 'modules:config' at Thu, 29 Aug 2019 03:22:29 +0000. Up 36.79 seconds.
ci-info: no authorized ssh keys fingerprints found for user ubuntu.
<14>Aug 29 03:22:37 ec2: 
<14>Aug 29 03:22:37 ec2: #############################################################
<14>Aug 29 03:22:37 ec2: -----BEGIN SSH HOST KEY FINGERPRINTS-----
<14>Aug 29 03:22:37 ec2: 1024 SHA256:UG5frFtd+ryC9Mx0oLUtiIkK4pxbSWaZxLatzrfUqVM root@ubuntu-xenial (DSA)
<14>Aug 29 03:22:37 ec2: 256 SHA256:gk2EIgBExj46t81JJhMcZCaXwvacFDBRDCbbZCceVHE root@ubuntu-xenial (ECDSA)
<14>Aug 29 03:22:37 ec2: 256 SHA256:U7CRohS8SzWSsj3CK68IhpNSKLKz3v1eP/d5ysoWgHA root@ubuntu-xenial (ED25519)
<14>Aug 29 03:22:37 ec2: 2048 SHA256:DDZ+jXwnMI/xrIHnhn8T0yt1FPL1MmEzPFXPbZQrVrY root@ubuntu-xenial (RSA)
<14>Aug 29 03:22:37 ec2: -----END SSH HOST KEY FINGERPRINTS-----
<14>Aug 29 03:22:37 ec2: #############################################################
-----BEGIN SSH HOST KEY KEYS-----
ecdsa-sha2-nistp256 AAAAE2VjZHNhLXNoYTItbmlzdHAyNTYAAAAIbmlzdHAyNTYAAABBBJ5BF9EUAXh/avsGfs5LV1qCJOcqHv48+ZHNCUBpotDI9d5wqYsJ3p7xVwIU/shcUtfZOsmoIC1tswqBdCS9icA= root@ubuntu-xenial
ssh-ed25519 AAAAC3NzaC1lZDI1NTE5AAAAIIkzUI2q8tl9Vydhq2P737/SVZpTea87NkuQHaIjZj3N root@ubuntu-xenial
ssh-rsa AAAAB3NzaC1yc2EAAAADAQABAAABAQDP8fA4v0Olu+urNx+aHb0LBLuuJ2z2N8j63JRiVmJ1/v5hI50WfZyCR+fpBAH5Le27BqyDwZHLtbOniSQXWjOQ9W2UR9vinkpx0HC3nms6rkkqn6g7kq0NGbuwlXrkM0I6yVLULtwwTu3X2y+6l1u+S30qrK+xxBjwfqYFVIxPRoLZ9mv5KK0SrW2p2cuGnL/7z40Oeei9Wxhd05ybJfz13YfpERynipsvbLAaiWpMNGqXJnHXFpQExzjOMx80uHblj5mSdVl80kIK+hMAYXgWntwJySRBXiIoHhw9o89Qu9Rc71RBM2cXo/BrnxDiH9jPp07qCEtc436T10xBrc3B root@ubuntu-xenial
-----END SSH HOST KEY KEYS-----
[   45.617225] cloud-init[1684]: Cloud-init v. 19.1-1-gbaa47854-0ubuntu1~16.04.1 running 'modules:final' at Thu, 29 Aug 2019 03:22:37 +0000. Up 44.72 seconds.
[   45.617790] cloud-init[1684]: ci-info: no authorized ssh keys fingerprints found for user ubuntu.
[   45.621438] cloud-init[1684]: Cloud-init v. 19.1-1-gbaa47854-0ubuntu1~16.04.1 finished at Thu, 29 Aug 2019 03:22:38 +0000. Datasource DataSourceNoCloud [seed=/dev/sdb][dsmode=net].  Up 45.58 seconds
